# JRE version: OpenJDK Runtime Environment Corretto-17.0.7.7.1 (17.0.7+7) (build 17.0.7+7-LTS)
# Java VM: OpenJDK 64-Bit Server VM Corretto-17.0.7.7.1 (17.0.7+7-LTS, mixed mode, emulated-client, sharing, tiered, compressed oops, compressed class ptrs, g1 gc, bsd-aarch64)
GC Precious Log:
 CPUs: 8 total, 8 available
 Memory: 16384M
 Large Page Support: Disabled
 NUMA Support: Disabled
 Compressed Oops: Enabled (Zero based)
 Heap Region Size: 2M
 Heap Min Capacity: 8M
 Heap Initial Capacity: 256M
 Heap Max Capacity: 4G
 Pre-touch: Disabled
 Parallel Workers: 8
 Concurrent Workers: 2
 Concurrent Refinement Workers: 8
 Periodic GC: Disabled
Heap:
 garbage-first heap   total 116736K, used 90024K [0x0000000700000000, 0x0000000800000000)
  region size 2048K, 21 young (43008K), 1 survivors (2048K)
 Metaspace       used 64077K, committed 64640K, reserved 1114112K
  class space    used 9153K, committed 9408K, reserved 1048576K
GC Heap History (20 events):
Event: 460.784 GC heap before
{Heap before GC invocations=154 (full 0):
 garbage-first heap   total 116736K, used 94167K [0x0000000700000000, 0x0000000800000000)
  region size 2048K, 22 young (45056K), 1 survivors (2048K)
 Metaspace       used 62456K, committed 62912K, reserved 1114112K
  class space    used 8944K, committed 9152K, reserved 1048576K
}
Event: 460.785 GC heap after
{Heap after GC invocations=155 (full 0):
 garbage-first heap   total 116736K, used 51524K [0x0000000700000000, 0x0000000800000000)
  region size 2048K, 2 young (4096K), 2 survivors (4096K)
 Metaspace       used 62456K, committed 62912K, reserved 1114112K
  class space    used 8944K, committed 9152K, reserved 1048576K
}
Event: 465.071 GC heap before
{Heap before GC invocations=155 (full 0):
 garbage-first heap   total 116736K, used 92484K [0x0000000700000000, 0x0000000800000000)
  region size 2048K, 22 young (45056K), 2 survivors (4096K)
 Metaspace       used 62456K, committed 62912K, reserved 1114112K
  class space    used 8944K, committed 9152K, reserved 1048576K
}
Event: 465.072 GC heap after
{Heap after GC invocations=156 (full 0):
 garbage-first heap   total 116736K, used 51064K [0x0000000700000000, 0x0000000800000000)
  region size 2048K, 1 young (2048K), 1 survivors (2048K)
 Metaspace       used 62456K, committed 62912K, reserved 1114112K
  class space    used 8944K, committed 9152K, reserved 1048576K
}
Event: 469.402 GC heap before
{Heap before GC invocations=156 (full 0):
 garbage-first heap   total 116736K, used 94072K [0x0000000700000000, 0x0000000800000000)
  region size 2048K, 22 young (45056K), 1 survivors (2048K)
 Metaspace       used 62456K, committed 62912K, reserved 1114112K
  class space    used 8944K, committed 9152K, reserved 1048576K
}
Event: 469.403 GC heap after
{Heap after GC invocations=157 (full 0):
 garbage-first heap   total 116736K, used 51524K [0x0000000700000000, 0x0000000800000000)
  region size 2048K, 2 young (4096K), 2 survivors (4096K)
 Metaspace       used 62456K, committed 62912K, reserved 1114112K
  class space    used 8944K, committed 9152K, reserved 1048576K
}
Event: 473.708 GC heap before
{Heap before GC invocations=157 (full 0):
 garbage-first heap   total 116736K, used 92484K [0x0000000700000000, 0x0000000800000000)
  region size 2048K, 22 young (45056K), 2 survivors (4096K)
 Metaspace       used 62456K, committed 62912K, reserved 1114112K
  class space    used 8944K, committed 9152K, reserved 1048576K
}
Event: 473.709 GC heap after
{Heap after GC invocations=158 (full 0):
 garbage-first heap   total 116736K, used 51065K [0x0000000700000000, 0x0000000800000000)
  region size 2048K, 1 young (2048K), 1 survivors (2048K)
 Metaspace       used 62456K, committed 62912K, reserved 1114112K
  class space    used 8944K, committed 9152K, reserved 1048576K
}
Event: 478.050 GC heap before
{Heap before GC invocations=158 (full 0):
 garbage-first heap   total 116736K, used 94073K [0x0000000700000000, 0x0000000800000000)
  region size 2048K, 22 young (45056K), 1 survivors (2048K)
 Metaspace       used 62456K, committed 62912K, reserved 1114112K
  class space    used 8944K, committed 9152K, reserved 1048576K
}
Event: 478.050 GC heap after
{Heap after GC invocations=159 (full 0):
 garbage-first heap   total 116736K, used 51396K [0x0000000700000000, 0x0000000800000000)
  region size 2048K, 2 young (4096K), 2 survivors (4096K)
 Metaspace       used 62456K, committed 62912K, reserved 1114112K
  class space    used 8944K, committed 9152K, reserved 1048576K
}
Event: 482.395 GC heap before
{Heap before GC invocations=159 (full 0):
 garbage-first heap   total 116736K, used 92356K [0x0000000700000000, 0x0000000800000000)
  region size 2048K, 22 young (45056K), 2 survivors (4096K)
 Metaspace       used 62456K, committed 62912K, reserved 1114112K
  class space    used 8944K, committed 9152K, reserved 1048576K
}
Event: 482.396 GC heap after
{Heap after GC invocations=160 (full 0):
 garbage-first heap   total 116736K, used 51065K [0x0000000700000000, 0x0000000800000000)
  region size 2048K, 1 young (2048K), 1 survivors (2048K)
 Metaspace       used 62456K, committed 62912K, reserved 1114112K
  class space    used 8944K, committed 9152K, reserved 1048576K
}
Event: 486.784 GC heap before
{Heap before GC invocations=160 (full 0):
 garbage-first heap   total 116736K, used 94073K [0x0000000700000000, 0x0000000800000000)
  region size 2048K, 22 young (45056K), 1 survivors (2048K)
 Metaspace       used 62456K, committed 62912K, reserved 1114112K
  class space    used 8944K, committed 9152K, reserved 1048576K
}
Event: 486.785 GC heap after
{Heap after GC invocations=161 (full 0):
 garbage-first heap   total 116736K, used 51439K [0x0000000700000000, 0x0000000800000000)
  region size 2048K, 2 young (4096K), 2 survivors (4096K)
 Metaspace       used 62456K, committed 62912K, reserved 1114112K
  class space    used 8944K, committed 9152K, reserved 1048576K
}
Event: 491.125 GC heap before
{Heap before GC invocations=161 (full 0):
 garbage-first heap   total 116736K, used 92399K [0x0000000700000000, 0x0000000800000000)
  region size 2048K, 22 young (45056K), 2 survivors (4096K)
 Metaspace       used 62456K, committed 62912K, reserved 1114112K
  class space    used 8944K, committed 9152K, reserved 1048576K
}
Event: 491.125 GC heap after
{Heap after GC invocations=162 (full 0):
 garbage-first heap   total 116736K, used 51112K [0x0000000700000000, 0x0000000800000000)
  region size 2048K, 1 young (2048K), 1 survivors (2048K)
 Metaspace       used 62456K, committed 62912K, reserved 1114112K
  class space    used 8944K, committed 9152K, reserved 1048576K
}
Event: 495.555 GC heap before
{Heap before GC invocations=162 (full 0):
 garbage-first heap   total 116736K, used 94120K [0x0000000700000000, 0x0000000800000000)
  region size 2048K, 22 young (45056K), 1 survivors (2048K)
 Metaspace       used 62456K, committed 62912K, reserved 1114112K
  class space    used 8944K, committed 9152K, reserved 1048576K
}
Event: 495.556 GC heap after
{Heap after GC invocations=163 (full 0):
 garbage-first heap   total 116736K, used 51439K [0x0000000700000000, 0x0000000800000000)
  region size 2048K, 2 young (4096K), 2 survivors (4096K)
 Metaspace       used 62456K, committed 62912K, reserved 1114112K
  class space    used 8944K, committed 9152K, reserved 1048576K
}
Event: 499.816 GC heap before
{Heap before GC invocations=163 (full 0):
 garbage-first heap   total 116736K, used 92399K [0x0000000700000000, 0x0000000800000000)
  region size 2048K, 22 young (45056K), 2 survivors (4096K)
 Metaspace       used 62456K, committed 62912K, reserved 1114112K
  class space    used 8944K, committed 9152K, reserved 1048576K
}
Event: 499.817 GC heap after
{Heap after GC invocations=164 (full 0):
 garbage-first heap   total 116736K, used 51112K [0x0000000700000000, 0x0000000800000000)
  region size 2048K, 1 young (2048K), 1 survivors (2048K)
 Metaspace       used 62456K, committed 62912K, reserved 1114112K
  class space    used 8944K, committed 9152K, reserved 1048576K
}

